<?xml version="1.0" encoding="UTF-8"?>
<!-- Generated by org.testng.reporters.JUnitReportReporter -->
<testsuite hostname="AND0026" name="NewTest.TestNGPrg" tests="3" failures="0" timestamp="6 Feb 2017 14:14:11 GMT" time="28.549" errors="1">
  <testcase name="capitalLetters" time="5.234" classname="NewTest.TestNGPrg">
    <error type="java.lang.AssertionError" message="Loan Amount field does not contain string entry.&#039;Enter only integer value&#039; message can be added expected [false] but found [true]">
      <![CDATA[java.lang.AssertionError: Loan Amount field does not contain string entry.'Enter only integer value' message can be added expected [false] but found [true]
	at org.testng.Assert.fail(Assert.java:94)
	at org.testng.Assert.failNotEquals(Assert.java:494)
	at org.testng.Assert.assertFalse(Assert.java:63)
	at NewTest.TestNGPrg.capitalLetters(TestNGPrg.java:96)
	at sun.reflect.NativeMethodAccessorImpl.invoke0(Native Method)
	at sun.reflect.NativeMethodAccessorImpl.invoke(NativeMethodAccessorImpl.java:62)
	at sun.reflect.DelegatingMethodAccessorImpl.invoke(DelegatingMethodAccessorImpl.java:43)
	at java.lang.reflect.Method.invoke(Method.java:498)
	at org.testng.internal.MethodInvocationHelper.invokeMethod(MethodInvocationHelper.java:80)
	at org.testng.internal.InvokeMethodRunnable.runOne(InvokeMethodRunnable.java:46)
	at org.testng.internal.InvokeMethodRunnable.run(InvokeMethodRunnable.java:37)
	at java.util.concurrent.Executors$RunnableAdapter.call(Executors.java:511)
	at java.util.concurrent.FutureTask.run(FutureTask.java:266)
	at java.util.concurrent.ThreadPoolExecutor.runWorker(ThreadPoolExecutor.java:1142)
	at java.util.concurrent.ThreadPoolExecutor$Worker.run(ThreadPoolExecutor.java:617)
	at java.lang.Thread.run(Thread.java:745)
]]>
    </error>
  </testcase> <!-- capitalLetters -->
  <testcase name="keyboardActs" time="12.795" classname="NewTest.TestNGPrg"/>
  <testcase name="mouseOverMoveAct" time="10.520" classname="NewTest.TestNGPrg"/>
</testsuite> <!-- NewTest.TestNGPrg -->
